[debug] [2022-01-14T15:30:04.783Z] ----------------------------------------------------------------------
[debug] [2022-01-14T15:30:04.786Z] Command:       C:\Program Files\nodejs\node.exe C:\Users\BC PRASHANTH REDDY\AppData\Roaming\npm\node_modules\firebase-tools\lib\bin\firebase.js init
[debug] [2022-01-14T15:30:04.787Z] CLI Version:   9.2.1
[debug] [2022-01-14T15:30:04.787Z] Platform:      win32
[debug] [2022-01-14T15:30:04.787Z] Node Version:  v14.15.4
[debug] [2022-01-14T15:30:04.797Z] Time:          Fri Jan 14 2022 21:00:04 GMT+0530 (India Standard Time)
[debug] [2022-01-14T15:30:04.797Z] ----------------------------------------------------------------------
[debug] [2022-01-14T15:30:04.797Z] 
[debug] [2022-01-14T15:30:04.802Z] >>> [apiv2][query] GET https://firebase-public.firebaseio.com/cli.json [none]
[debug] [2022-01-14T15:30:04.849Z] > command requires scopes: ["email","openid","https://www.googleapis.com/auth/cloudplatformprojects.readonly","https://www.googleapis.com/auth/firebase","https://www.googleapis.com/auth/cloud-platform"]
[debug] [2022-01-14T15:30:04.851Z] > authorizing via signed-in user
[info] 
     ######## #### ########  ######## ########     ###     ######  ########
     ##        ##  ##     ## ##       ##     ##  ##   ##  ##       ##
     ######    ##  ########  ######   ########  #########  ######  ######
     ##        ##  ##    ##  ##       ##     ## ##     ##       ## ##
     ##       #### ##     ## ######## ########  ##     ##  ######  ########

You're about to initialize a Firebase project in this directory:

  C:\Users\BC PRASHANTH REDDY\Documents\My Web Sites\Save

[debug] [2022-01-14T15:30:05.886Z] <<< [apiv2][status] GET https://firebase-public.firebaseio.com/cli.json 200
[debug] [2022-01-14T15:30:05.887Z] <<< [apiv2][body] GET https://firebase-public.firebaseio.com/cli.json {"cloudBuildErrorAfter":1594252800000,"cloudBuildWarnAfter":1590019200000,"defaultNode10After":1594252800000,"minVersion":"3.0.5","node8DeploysDisabledAfter":1613390400000,"node8RuntimeDisabledAfter":1615809600000,"node8WarnAfter":1600128000000}
[info] 
=== Project Setup
[info] 
[info] First, let's associate this project directory with a Firebase project.
[info] You can create multiple project aliases by running firebase use --add, 
[info] but for now we'll just set up a default project.
[info] 
